
SQL*Loader: Release 11.2.0.1.0 - Production on Jue Abr 20 09:34:29 2017

Copyright (c) 1982, 2009, Oracle and/or its affiliates.  All rights reserved.

Control File:   C:\Users\Taller\Desktop\ETL\REFRESCO_TIME_DIM.ctl
Data File:      C:\Users\Taller\Desktop\ETL\years2001.txt
  Bad File:     C:\Users\Taller\Desktop\ETL\refresco_times_dim.bad
  Discard File:  none specified
 
 (Allow all discards)

Number to load: ALL
Number to skip: 0
Errors allowed: 50
Bind array:     64 rows, maximum of 256000 bytes
Continuation:    none specified
Path used:      Conventional

Table TIME_DIM, loaded from every logical record.
Insert option in effect for this table: APPEND

   Column Name                  Position   Len  Term Encl Datatype
------------------------------ ---------- ----- ---- ---- ---------------------
YEAR                                FIRST     *   ,  O(") CHARACTER            
DESCRIPTION                          NEXT     *   ,  O(") CHARACTER            


Table TIME_DIM:
  1 Row successfully loaded.
  0 Rows not loaded due to data errors.
  0 Rows not loaded because all WHEN clauses were failed.
  0 Rows not loaded because all fields were null.


Space allocated for bind array:                  33024 bytes(64 rows)
Read   buffer bytes: 1048576

Total logical records skipped:          0
Total logical records read:             1
Total logical records rejected:         0
Total logical records discarded:        0

Run began on Jue Abr 20 09:34:29 2017
Run ended on Jue Abr 20 09:34:29 2017

Elapsed time was:     00:00:00.15
CPU time was:         00:00:00.01
