

 LOG file opened at 04/20/17 11:48:45

Field Definitions for table EXT_EMPLOYEES_DIM
  Record format DELIMITED BY NEWLINE
  Data in file has same endianness as the platform
  Reject rows with all null fields

  Fields in Data Source: 

    EMPID                           CHAR (255)
      Terminated by ","
      Enclosed by """ and """
      Trim whitespace same as SQL Loader
    NOMBRE                          CHAR (255)
      Terminated by ","
      Enclosed by """ and """
      Trim whitespace same as SQL Loader
    APELLIDO                        CHAR (255)
      Terminated by ","
      Enclosed by """ and """
      Trim whitespace same as SQL Loader
    EMAIL                           CHAR (255)
      Terminated by ","
      Enclosed by """ and """
      Trim whitespace same as SQL Loader
    TELEFONO                        CHAR (255)
      Terminated by ","
      Enclosed by """ and """
      Trim whitespace same as SQL Loader
    JOBID                           CHAR (255)
      Terminated by ","
      Enclosed by """ and """
      Trim whitespace same as SQL Loader
    MGRID                           CHAR (255)
      Terminated by ","
      Enclosed by """ and """
      Trim whitespace same as SQL Loader
    DEPTID                          CHAR (255)
      Terminated by ","
      Enclosed by """ and """
      Trim whitespace same as SQL Loader
    DEPARTMENTNAME                  CHAR (255)
      Terminated by ","
      Enclosed by """ and """
      Trim whitespace same as SQL Loader


 LOG file opened at 04/20/17 11:49:35

Field Definitions for table EXT_EMPLOYEES_DIM
  Record format DELIMITED BY NEWLINE
  Data in file has same endianness as the platform
  Reject rows with all null fields

  Fields in Data Source: 

    EMPID                           CHAR (255)
      Terminated by ","
      Enclosed by """ and """
      Trim whitespace same as SQL Loader
    NOMBRE                          CHAR (255)
      Terminated by ","
      Enclosed by """ and """
      Trim whitespace same as SQL Loader
    APELLIDO                        CHAR (255)
      Terminated by ","
      Enclosed by """ and """
      Trim whitespace same as SQL Loader
    EMAIL                           CHAR (255)
      Terminated by ","
      Enclosed by """ and """
      Trim whitespace same as SQL Loader
    TELEFONO                        CHAR (255)
      Terminated by ","
      Enclosed by """ and """
      Trim whitespace same as SQL Loader
    JOBID                           CHAR (255)
      Terminated by ","
      Enclosed by """ and """
      Trim whitespace same as SQL Loader
    MGRID                           CHAR (255)
      Terminated by ","
      Enclosed by """ and """
      Trim whitespace same as SQL Loader
    DEPTID                          CHAR (255)
      Terminated by ","
      Enclosed by """ and """
      Trim whitespace same as SQL Loader
    DEPARTMENTNAME                  CHAR (255)
      Terminated by ","
      Enclosed by """ and """
      Trim whitespace same as SQL Loader
KUP-04021: field formatting error for field EMPID
KUP-04023: field start is after end of record
KUP-04101: record 1 rejected in file C:\Users\Taller\Desktop\ETL\refresco_employees.txt


 LOG file opened at 04/20/17 11:49:36

Field Definitions for table EXT_EMPLOYEES_DIM
  Record format DELIMITED BY NEWLINE
  Data in file has same endianness as the platform
  Reject rows with all null fields

  Fields in Data Source: 

    EMPID                           CHAR (255)
      Terminated by ","
      Enclosed by """ and """
      Trim whitespace same as SQL Loader
    NOMBRE                          CHAR (255)
      Terminated by ","
      Enclosed by """ and """
      Trim whitespace same as SQL Loader
    APELLIDO                        CHAR (255)
      Terminated by ","
      Enclosed by """ and """
      Trim whitespace same as SQL Loader
    EMAIL                           CHAR (255)
      Terminated by ","
      Enclosed by """ and """
      Trim whitespace same as SQL Loader
    TELEFONO                        CHAR (255)
      Terminated by ","
      Enclosed by """ and """
      Trim whitespace same as SQL Loader
    JOBID                           CHAR (255)
      Terminated by ","
      Enclosed by """ and """
      Trim whitespace same as SQL Loader
    MGRID                           CHAR (255)
      Terminated by ","
      Enclosed by """ and """
      Trim whitespace same as SQL Loader
    DEPTID                          CHAR (255)
      Terminated by ","
      Enclosed by """ and """
      Trim whitespace same as SQL Loader
    DEPARTMENTNAME                  CHAR (255)
      Terminated by ","
      Enclosed by """ and """
      Trim whitespace same as SQL Loader
KUP-04021: field formatting error for field EMPID
KUP-04023: field start is after end of record
KUP-04101: record 1 rejected in file C:\Users\Taller\Desktop\ETL\refresco_employees.txt


 LOG file opened at 04/20/17 11:49:57

Field Definitions for table EXT_EMPLOYEES_DIM
  Record format DELIMITED BY NEWLINE
  Data in file has same endianness as the platform
  Reject rows with all null fields

  Fields in Data Source: 

    EMPID                           CHAR (255)
      Terminated by ","
      Enclosed by """ and """
      Trim whitespace same as SQL Loader
    NOMBRE                          CHAR (255)
      Terminated by ","
      Enclosed by """ and """
      Trim whitespace same as SQL Loader
    APELLIDO                        CHAR (255)
      Terminated by ","
      Enclosed by """ and """
      Trim whitespace same as SQL Loader
    EMAIL                           CHAR (255)
      Terminated by ","
      Enclosed by """ and """
      Trim whitespace same as SQL Loader
    TELEFONO                        CHAR (255)
      Terminated by ","
      Enclosed by """ and """
      Trim whitespace same as SQL Loader
    JOBID                           CHAR (255)
      Terminated by ","
      Enclosed by """ and """
      Trim whitespace same as SQL Loader
    MGRID                           CHAR (255)
      Terminated by ","
      Enclosed by """ and """
      Trim whitespace same as SQL Loader
    DEPTID                          CHAR (255)
      Terminated by ","
      Enclosed by """ and """
      Trim whitespace same as SQL Loader
    DEPARTMENTNAME                  CHAR (255)
      Terminated by ","
      Enclosed by """ and """
      Trim whitespace same as SQL Loader
KUP-04021: field formatting error for field EMPID
KUP-04023: field start is after end of record
KUP-04101: record 1 rejected in file C:\Users\Taller\Desktop\ETL\refresco_employees.txt


 LOG file opened at 04/20/17 11:50:04

Field Definitions for table EXT_EMPLOYEES_DIM
  Record format DELIMITED BY NEWLINE
  Data in file has same endianness as the platform
  Reject rows with all null fields

  Fields in Data Source: 

    EMPID                           CHAR (255)
      Terminated by ","
      Enclosed by """ and """
      Trim whitespace same as SQL Loader
    NOMBRE                          CHAR (255)
      Terminated by ","
      Enclosed by """ and """
      Trim whitespace same as SQL Loader
    APELLIDO                        CHAR (255)
      Terminated by ","
      Enclosed by """ and """
      Trim whitespace same as SQL Loader
    EMAIL                           CHAR (255)
      Terminated by ","
      Enclosed by """ and """
      Trim whitespace same as SQL Loader
    TELEFONO                        CHAR (255)
      Terminated by ","
      Enclosed by """ and """
      Trim whitespace same as SQL Loader
    JOBID                           CHAR (255)
      Terminated by ","
      Enclosed by """ and """
      Trim whitespace same as SQL Loader
    MGRID                           CHAR (255)
      Terminated by ","
      Enclosed by """ and """
      Trim whitespace same as SQL Loader
    DEPTID                          CHAR (255)
      Terminated by ","
      Enclosed by """ and """
      Trim whitespace same as SQL Loader
    DEPARTMENTNAME                  CHAR (255)
      Terminated by ","
      Enclosed by """ and """
      Trim whitespace same as SQL Loader


 LOG file opened at 04/20/17 13:04:57

Field Definitions for table EXT_EMPLOYEES_DIM
  Record format DELIMITED BY NEWLINE
  Data in file has same endianness as the platform
  Reject rows with all null fields

  Fields in Data Source: 

    EMPID                           CHAR (255)
      Terminated by ","
      Enclosed by """ and """
      Trim whitespace same as SQL Loader
    NOMBRE                          CHAR (255)
      Terminated by ","
      Enclosed by """ and """
      Trim whitespace same as SQL Loader
    APELLIDO                        CHAR (255)
      Terminated by ","
      Enclosed by """ and """
      Trim whitespace same as SQL Loader
    EMAIL                           CHAR (255)
      Terminated by ","
      Enclosed by """ and """
      Trim whitespace same as SQL Loader
    TELEFONO                        CHAR (255)
      Terminated by ","
      Enclosed by """ and """
      Trim whitespace same as SQL Loader
    JOBID                           CHAR (255)
      Terminated by ","
      Enclosed by """ and """
      Trim whitespace same as SQL Loader
    MGRID                           CHAR (255)
      Terminated by ","
      Enclosed by """ and """
      Trim whitespace same as SQL Loader
    DEPTID                          CHAR (255)
      Terminated by ","
      Enclosed by """ and """
      Trim whitespace same as SQL Loader
    DEPARTMENTNAME                  CHAR (255)
      Terminated by ","
      Enclosed by """ and """
      Trim whitespace same as SQL Loader
